Determining if the pthread_create exist failed with the following output:
Change Dir: /home/oceane/Documents/PROJET_WORLD_IMAC/World_IMaker/GLImac-Template-build/CMakeFiles/CMakeTmp

Run Build Command:"/usr/bin/make" "cmTC_67de7/fast"
/usr/bin/make -f CMakeFiles/cmTC_67de7.dir/build.make CMakeFiles/cmTC_67de7.dir/build
make[1] : on entre dans le répertoire « /home/oceane/Documents/PROJET_WORLD_IMAC/World_IMaker/GLImac-Template-build/CMakeFiles/CMakeTmp »
Building C object CMakeFiles/cmTC_67de7.dir/CheckSymbolExists.c.o
/usr/bin/cc    -o CMakeFiles/cmTC_67de7.dir/CheckSymbolExists.c.o   -c /home/oceane/Documents/PROJET_WORLD_IMAC/World_IMaker/GLImac-Template-build/CMakeFiles/CMakeTmp/CheckSymbolExists.c
Linking C executable cmTC_67de7
/usr/bin/cmake -E cmake_link_script CMakeFiles/cmTC_67de7.dir/link.txt --verbose=1
/usr/bin/cc      -rdynamic CMakeFiles/cmTC_67de7.dir/CheckSymbolExists.c.o  -o cmTC_67de7 
CMakeFiles/cmTC_67de7.dir/CheckSymbolExists.c.o : Dans la fonction « main » :
CheckSymbolExists.c:(.text+0x1b) : référence indéfinie vers « pthread_create »
collect2: error: ld returned 1 exit status
CMakeFiles/cmTC_67de7.dir/build.make:97: recipe for target 'cmTC_67de7' failed
make[1]: *** [cmTC_67de7] Error 1
make[1] : on quitte le répertoire « /home/oceane/Documents/PROJET_WORLD_IMAC/World_IMaker/GLImac-Template-build/CMakeFiles/CMakeTmp »
Makefile:126: recipe for target 'cmTC_67de7/fast' failed
make: *** [cmTC_67de7/fast] Error 2

File /home/oceane/Documents/PROJET_WORLD_IMAC/World_IMaker/GLImac-Template-build/CMakeFiles/CMakeTmp/CheckSymbolExists.c:
/* */
#include <pthread.h>

int main(int argc, char** argv)
{
  (void)argv;
#ifndef pthread_create
  return ((int*)(&pthread_create))[argc];
#else
  (void)argc;
  return 0;
#endif
}

Determining if the function pthread_create exists in the pthreads failed with the following output:
Change Dir: /home/oceane/Documents/PROJET_WORLD_IMAC/World_IMaker/GLImac-Template-build/CMakeFiles/CMakeTmp

Run Build Command:"/usr/bin/make" "cmTC_536c8/fast"
/usr/bin/make -f CMakeFiles/cmTC_536c8.dir/build.make CMakeFiles/cmTC_536c8.dir/build
make[1] : on entre dans le répertoire « /home/oceane/Documents/PROJET_WORLD_IMAC/World_IMaker/GLImac-Template-build/CMakeFiles/CMakeTmp »
Building C object CMakeFiles/cmTC_536c8.dir/CheckFunctionExists.c.o
/usr/bin/cc   -DCHECK_FUNCTION_EXISTS=pthread_create   -o CMakeFiles/cmTC_536c8.dir/CheckFunctionExists.c.o   -c /usr/share/cmake-3.10/Modules/CheckFunctionExists.c
Linking C executable cmTC_536c8
/usr/bin/cmake -E cmake_link_script CMakeFiles/cmTC_536c8.dir/link.txt --verbose=1
/usr/bin/cc  -DCHECK_FUNCTION_EXISTS=pthread_create    -rdynamic CMakeFiles/cmTC_536c8.dir/CheckFunctionExists.c.o  -o cmTC_536c8 -lpthreads 
/usr/bin/ld : ne peut trouver -lpthreads
collect2: error: ld returned 1 exit status
CMakeFiles/cmTC_536c8.dir/build.make:97: recipe for target 'cmTC_536c8' failed
make[1]: *** [cmTC_536c8] Error 1
make[1] : on quitte le répertoire « /home/oceane/Documents/PROJET_WORLD_IMAC/World_IMaker/GLImac-Template-build/CMakeFiles/CMakeTmp »
Makefile:126: recipe for target 'cmTC_536c8/fast' failed
make: *** [cmTC_536c8/fast] Error 2


